{"C:\\ITStudy\\02_react\\won-banking-mini\\src\\components\\AccountCard.jsx": {"path":"C:\\ITStudy\\02_react\\won-banking-mini\\src\\components\\AccountCard.jsx","statementMap":{"0":{"start":{"line":6,"column":2},"end":{"line":21,"column":null}}},"fnMap":{"0":{"name":"AccountCard","decl":{"start":{"line":5,"column":9},"end":{"line":5,"column":21}},"loc":{"start":{"line":5,"column":93},"end":{"line":23,"column":null}},"line":5}},"branchMap":{"0":{"loc":{"start":{"line":14,"column":28},"end":{"line":14,"column":81}},"type":"cond-expr","locations":[{"start":{"line":14,"column":41},"end":{"line":14,"column":53}},{"start":{"line":14,"column":53},"end":{"line":14,"column":81}}],"line":14}},"s":{"0":1},"f":{"0":1},"b":{"0":[0,1]},"meta":{"lastBranch":1,"lastFunction":1,"lastStatement":1,"seen":{"f:5:9:5:21":0,"s:6:2:21:Infinity":0,"b:14:41:14:53:14:53:14:81":0},"fnNames":{}}}
,"C:\\ITStudy\\02_react\\won-banking-mini\\src\\components\\StatusBadge.jsx": {"path":"C:\\ITStudy\\02_react\\won-banking-mini\\src\\components\\StatusBadge.jsx","statementMap":{"0":{"start":{"line":5,"column":15},"end":{"line":10,"column":null}},"1":{"start":{"line":16,"column":17},"end":{"line":16,"column":25}},"2":{"start":{"line":17,"column":19},"end":{"line":17,"column":null}},"3":{"start":{"line":19,"column":4},"end":{"line":22,"column":null}}},"fnMap":{"0":{"name":"StatusBadge","decl":{"start":{"line":13,"column":9},"end":{"line":13,"column":22}},"loc":{"start":{"line":13,"column":22},"end":{"line":24,"column":null}},"line":13}},"branchMap":{},"s":{"0":1,"1":1,"2":1,"3":1},"f":{"0":1},"b":{},"meta":{"lastBranch":0,"lastFunction":1,"lastStatement":4,"seen":{"s:5:15:10:Infinity":0,"f:13:9:13:22":0,"s:16:17:16:25":1,"s:17:19:17:Infinity":2,"s:19:4:22:Infinity":3},"fnNames":{}}}
,"C:\\ITStudy\\02_react\\won-banking-mini\\src\\contexts\\UserContext.jsx": {"path":"C:\\ITStudy\\02_react\\won-banking-mini\\src\\contexts\\UserContext.jsx","statementMap":{"0":{"start":{"line":4,"column":20},"end":{"line":4,"column":null}},"1":{"start":{"line":7,"column":2},"end":{"line":7,"column":null}},"2":{"start":{"line":11,"column":2},"end":{"line":11,"column":null}}},"fnMap":{"0":{"name":"UserProvider","decl":{"start":{"line":6,"column":16},"end":{"line":6,"column":29}},"loc":{"start":{"line":6,"column":49},"end":{"line":8,"column":null}},"line":6},"1":{"name":"useUser","decl":{"start":{"line":10,"column":16},"end":{"line":10,"column":26}},"loc":{"start":{"line":10,"column":26},"end":{"line":12,"column":null}},"line":10}},"branchMap":{},"s":{"0":1,"1":1,"2":1},"f":{"0":1,"1":1},"b":{},"meta":{"lastBranch":0,"lastFunction":2,"lastStatement":3,"seen":{"s:4:20:4:Infinity":0,"f:6:16:6:29":0,"s:7:2:7:Infinity":1,"f:10:16:10:26":1,"s:11:2:11:Infinity":2},"fnNames":{}}}
,"C:\\ITStudy\\02_react\\won-banking-mini\\src\\utils\\format.js": {"path":"C:\\ITStudy\\02_react\\won-banking-mini\\src\\utils\\format.js","statementMap":{"0":{"start":{"line":7,"column":2},"end":{"line":7,"column":null}},"1":{"start":{"line":13,"column":2},"end":{"line":13,"column":null}},"2":{"start":{"line":18,"column":2},"end":{"line":18,"column":null}}},"fnMap":{"0":{"name":"formatWon","decl":{"start":{"line":6,"column":16},"end":{"line":6,"column":26}},"loc":{"start":{"line":6,"column":34},"end":{"line":8,"column":null}},"line":6},"1":{"name":"maskAccountNo","decl":{"start":{"line":12,"column":16},"end":{"line":12,"column":30}},"loc":{"start":{"line":12,"column":34},"end":{"line":14,"column":null}},"line":12},"2":{"name":"formatWonMasked","decl":{"start":{"line":17,"column":16},"end":{"line":17,"column":32}},"loc":{"start":{"line":17,"column":46},"end":{"line":19,"column":null}},"line":17}},"branchMap":{"0":{"loc":{"start":{"line":18,"column":9},"end":{"line":18,"column":null}},"type":"cond-expr","locations":[{"start":{"line":18,"column":16},"end":{"line":18,"column":28}},{"start":{"line":18,"column":28},"end":{"line":18,"column":null}}],"line":18}},"s":{"0":2,"1":2,"2":1},"f":{"0":2,"1":2,"2":1},"b":{"0":[0,1]},"meta":{"lastBranch":1,"lastFunction":3,"lastStatement":3,"seen":{"f:6:16:6:26":0,"s:7:2:7:Infinity":0,"f:12:16:12:30":1,"s:13:2:13:Infinity":1,"f:17:16:17:32":2,"s:18:2:18:Infinity":2,"b:18:16:18:28:18:28:18:Infinity":0},"fnNames":{}}}
}
